This is pdfeTeX, Version 3.141592-1.30.4-2.2 (Web2C 7.5.5) (format=latex 2006.7.27)  13 MAR 2007 08:08
entering extended mode
**languages.tex
(./languages.tex
LaTeX2e <2003/12/01>
Babel <v3.8d> and hyphenation patterns for american, french, german, ngerman, d
utch, italian, norsk, portuges, spanish, swedish, nohyphenation, loaded.
(/usr/local/teTeX/share/texmf.gwtex/tex/latex/prosper/prosper.cls
Document Class: prosper 2001/07/17, v. 1.5
(c) 2000-2001 Frederic Goualard, EPFL, Switzerland
 and Peter Møller Neergaard, Boston Univ., USA
CVSId: $Id: prosper.cls,v 1.24 2002/11/25 14:35:50 exupery Exp $
(/usr/local/teTeX/share/texmf.tetex/tex/latex/graphics/graphicx.sty
Package: graphicx 1999/02/16 v1.0f Enhanced LaTeX Graphics (DPC,SPQR)

(/usr/local/teTeX/share/texmf.tetex/tex/latex/graphics/keyval.sty
Package: keyval 1999/03/16 v1.13 key=value parser (DPC)
\KV@toks@=\toks14
)
(/usr/local/teTeX/share/texmf.tetex/tex/latex/graphics/graphics.sty
Package: graphics 2001/07/07 v1.0n Standard LaTeX Graphics (DPC,SPQR)

(/usr/local/teTeX/share/texmf.tetex/tex/latex/graphics/trig.sty
Package: trig 1999/03/16 v1.09 sin cos tan (DPC)
)
(/usr/local/teTeX/share/texmf.tetex/tex/latex/graphics/graphics.cfg
File: graphics.cfg 2005/02/03 v1.3 graphics configuration of teTeX/TeXLive
)
Package graphics Info: Driver file: dvips.def on input line 80.

(/usr/local/teTeX/share/texmf.tetex/tex/latex/graphics/dvips.def
File: dvips.def 1999/02/16 v3.0i Driver-dependant file (DPC,SPQR)
))
\Gin@req@height=\dimen102
\Gin@req@width=\dimen103
)
(/usr/local/teTeX/share/texmf.tetex/tex/latex/seminar/seminar.cls
Document Class: seminar 1997/10/13, 1.4
Document Style: `seminar' v1.4 <1997/10/13> (tvz)
\slidewidth=\dimen104
\slideheight=\dimen105
\footheight=\dimen106
(/usr/local/teTeX/share/texmf.tetex/tex/latex/base/article.cls
Document Class: article 2004/02/16 v1.4f Standard LaTeX document class
(/usr/local/teTeX/share/texmf.tetex/tex/latex/base/leqno.clo
File: leqno.clo 1998/08/17 v1.1c Standard LaTeX option (left equation numbers)
)
(/usr/local/teTeX/share/texmf.tetex/tex/latex/base/size10.clo
File: size10.clo 2004/02/16 v1.4f Standard LaTeX file (size option)
)
\c@part=\count79
\c@section=\count80
\c@subsection=\count81
\c@subsubsection=\count82
\c@paragraph=\count83
\c@subparagraph=\count84
\c@figure=\count85
\c@table=\count86
\abovecaptionskip=\skip41
\belowcaptionskip=\skip42
\bibindent=\dimen107
)
(/usr/local/teTeX/share/texmf.tetex/tex/latex/seminar/sem-page.sty)
\before@document=\toks15
\after@document=\toks16
\before@enddocument=\toks17
\c@slide=\count87
\slide@count=\count88
\@slidebox=\box26
\not@slidebox=\box27
\slide@hook=\toks18
\after@slide=\toks19
\slide@footins=\insert233
\slide@listdepth=\count89
\saved@specials=\box28
\before@newslide=\toks20
\after@slidepage=\toks21
\slidesep=\skip43
\c@note=\count90
\slideframewidth=\dimen108
\slideframesep=\dimen109
\semin=\dimen110
\semcm=\dimen111
)
(/usr/local/teTeX/share/texmf.tetex/tex/latex/seminar/seminar.con)
(/usr/local/teTeX/share/texmf.tetex/tex/latex/seminar/semcolor.sty
Style Option: `semcolor' for doc style `seminar' 1.01 <2004/05/18> (tvz)
File: semcolor.sty 2004/05/18 v1.01 (tvz)
(/usr/local/teTeX/share/texmf.tetex/tex/latex/pstricks/pstricks.sty
Package: pstricks 2004/05/12 v0.2l LaTeX wrapper for `PSTricks' (RN,HV)

(/usr/local/teTeX/share/texmf.tetex/tex/generic/pstricks/pstricks.tex
`PSTricks' v1.04  <2004/06/22> (tvz)
\pst@dima=\dimen112
\pst@dimb=\dimen113
\pst@dimc=\dimen114
\pst@dimd=\dimen115
\pst@dimg=\dimen116
\pst@dimh=\dimen117
\pst@hbox=\box29
\pst@boxg=\box30
\pst@cnta=\count91
\pst@cntb=\count92
\pst@cntc=\count93
\pst@cntd=\count94
\pst@cntg=\count95
\pst@cnth=\count96
\pst@toks=\toks22
(/usr/local/teTeX/share/texmf.tetex/tex/generic/pstricks/pstricks.con)
\psunit=\dimen118
\psxunit=\dimen119
\psyunit=\dimen120
\pslinewidth=\dimen121
\pst@customdefs=\toks23
\pslinearc=\dimen122
\everypsbox=\toks24
\psframesep=\dimen123
\pslabelsep=\dimen124
\theoverlaybox=\box31
)
File: pstricks.tex 2004/06/22 v1.04 `PSTricks' (tvz)

(/usr/local/teTeX/share/texmf.tetex/tex/latex/xcolor/xcolor.sty
Package: xcolor 2004/07/04 v2.00 LaTeX color extensions (UK)

(/usr/local/teTeX/share/texmf.tetex/tex/latex/graphics/color.cfg
File: color.cfg 2005/02/03 v1.3 color configuration of teTeX/TeXLive
)
Package xcolor Info: Package option `override' ignored on input line 128.
Package xcolor Info: Driver file: dvips.def on input line 136.
Package xcolor Info: Color model `cmy' added on input line 972.
Package xcolor Info: Color model `HTML' added on input line 1000.
Package xcolor Info: Color model `HSB' added on input line 1006.
Package xcolor Info: Color model `Gray' added on input line 1012.
)))
(/usr/local/teTeX/share/texmf.tetex/tex/latex/seminar/semlayer.sty
\@@slidebox=\box32
\c@overlay=\count97
)
(/usr/local/teTeX/share/texmf.tetex/tex/latex/seminar/seminar.bug)
(/usr/local/teTeX/share/texmf.tetex/tex/latex/seminar/seminar.bg2
seminar.bg2: various corrections for the Seminar document class added since sem
inar.bug (waiting Seminar 98)
(Version 1.7 of <May 22, 1998> (D.G.))
) (/usr/local/teTeX/share/texmf.tetex/tex/latex/hyperref/hyperref.sty
Package: hyperref 2003/11/30 v6.74m Hypertext links for LaTeX
\@linkdim=\dimen125
\Hy@linkcounter=\count98
\Hy@pagecounter=\count99

(/usr/local/teTeX/share/texmf.tetex/tex/latex/hyperref/pd1enc.def
File: pd1enc.def 2003/11/30 v6.74m Hyperref: PDFDocEncoding definition (HO)
)
(/usr/local/teTeX/share/texmf.tetex/tex/latex/hyperref/hyperref.cfg
File: hyperref.cfg 2002/06/06 v1.2 hyperref configuration of TeXLive and teTeX
)
Package hyperref Info: Option `bookmarks' set `true' on input line 1830.
Package hyperref Info: Option `pdffitwindow' set `true' on input line 1830.
Package hyperref Info: Option `pdfcenterwindow' set `true' on input line 1830.
Package hyperref Info: Hyper figures OFF on input line 1880.
Package hyperref Info: Link nesting OFF on input line 1885.
Package hyperref Info: Hyper index ON on input line 1888.
Package hyperref Info: Plain pages ON on input line 1893.
Package hyperref Info: Backreferencing OFF on input line 1900.

Implicit mode ON; LaTeX internals redefined
Package hyperref Info: Bookmarks ON on input line 2004.
(/usr/local/teTeX/share/texmf.tetex/tex/latex/url/url.sty
\Urlmuskip=\muskip10
Package: url 2004/03/15  ver 3.1  Verb mode for urls, etc.
)
LaTeX Info: Redefining \url on input line 2143.
\Fld@menulength=\count100
\Field@Width=\dimen126
\Fld@charsize=\dimen127
\Choice@toks=\toks25
\Field@toks=\toks26
Package hyperref Info: Hyper figures OFF on input line 2618.
Package hyperref Info: Link nesting OFF on input line 2623.
Package hyperref Info: Hyper index ON on input line 2626.
Package hyperref Info: backreferencing OFF on input line 2633.
Package hyperref Info: Link coloring OFF on input line 2638.
\c@Item=\count101
\c@Hfootnote=\count102
)
*hyperref using driver hdvips*
(/usr/local/teTeX/share/texmf.tetex/tex/latex/hyperref/hdvips.def
File: hdvips.def 2003/11/30 v6.74m Hyperref driver for dvips

(/usr/local/teTeX/share/texmf.tetex/tex/latex/hyperref/pdfmark.def
File: pdfmark.def 2003/11/30 v6.74m Hyperref definitions for pdfmark specials
\pdf@docset=\toks27
\pdf@box=\box33
\pdf@toks=\toks28
\pdf@defaulttoks=\toks29
\Fld@listcount=\count103
\@outlinefile=\write3
))
\theoverlays=\box34
\c@overlaysCount=\count104
\c@limitOverlays=\count105
\@tempoLimit=\count106
\slideWidth=\skip44
\c@trueSlideCounter=\count107

(/usr/local/teTeX/share/texmf.gwtex/tex/latex/prosper/PPRblends.sty
Package: PPRblends 2001/11/15

'Blends' style for Prosper ---
(c) 2001 Andrew Arnt
(/usr/local/teTeX/share/texmf.tetex/tex/latex/pstricks/pst-grad.sty
Package: pst-grad 2004/07/15 package wrapper for pst-grad.tex

(/usr/local/teTeX/share/texmf.tetex/tex/generic/pstricks/pst-grad.tex
 v1.04, 2004/06/24)
File: pst-grad.tex 2004/06/24 1.04 `pst-grad' (tvz)
)
(/usr/local/teTeX/share/texmf.tetex/tex/latex/seminar/semhelv.sty
Style Option: `semhelv' for the `seminar' doc style 1.4 <2000/05/08> (tvz)
Modified by Stefan (see source for details)
LaTeX Font Info:    Font shape `OT1/helvetica/m/n' will be
(Font)              scaled to size 8.20007pt on input line 176.
))
\c@item@step=\count108
\c@overlay@page=\count109
\c@nbAffected=\count110
\c@savecountAffected=\count111
)
\@input{defs.aux}
\openout2 = `defs.aux'.

(./defs.tex (/usr/local/teTeX/share/texmf.tetex/tex/latex/amsfonts/amssymb.sty
Package: amssymb 2002/01/22 v2.2d

(/usr/local/teTeX/share/texmf.tetex/tex/latex/amsfonts/amsfonts.sty
Package: amsfonts 2001/10/25 v2.2f
\@emptytoks=\toks30
\symAMSa=\mathgroup4
\symAMSb=\mathgroup5
LaTeX Font Info:    Overwriting math alphabet `\mathfrak' in version `bold'
(Font)                  U/euf/m/n --> U/euf/b/n on input line 132.
))
(/usr/local/teTeX/share/texmf.tetex/tex/latex/base/latexsym.sty
Package: latexsym 1998/08/17 v2.2e Standard LaTeX package (lasy symbols)
\symlasy=\mathgroup6
LaTeX Font Info:    Overwriting symbol font `lasy' in version `bold'
(Font)                  U/lasy/m/n --> U/lasy/b/n on input line 47.
)
(/usr/local/teTeX/share/texmf.tetex/tex/generic/xypic/xypic.sty
(/usr/local/teTeX/share/texmf.tetex/tex/generic/xypic/xy.sty
(/usr/local/teTeX/share/texmf.tetex/tex/generic/xypic/xy.tex Bootstrap'ing:
catcodes, docmode,
(/usr/local/teTeX/share/texmf.tetex/tex/generic/xypic/xyrecat.tex)
(/usr/local/teTeX/share/texmf.tetex/tex/generic/xypic/xyidioms.tex)

 Xy-pic version 3.7 <1999/02/16>
 Copyright (c) 1991-1998 by Kristoffer H. Rose <krisrose@ens-lyon.fr>
 Xy-pic is free software: see the User's Guide for details.

Loading kernel: messages; fonts; allocations: state,
\X@c=\dimen128
\Y@c=\dimen129
\U@c=\dimen130
\D@c=\dimen131
\L@c=\dimen132
\R@c=\dimen133
\Edge@c=\toks31
\X@p=\dimen134
\Y@p=\dimen135
\U@p=\dimen136
\D@p=\dimen137
\L@p=\dimen138
\R@p=\dimen139
\Edge@p=\toks32
\X@origin=\dimen140
\Y@origin=\dimen141
\X@xbase=\dimen142
\Y@xbase=\dimen143
\X@ybase=\dimen144
\Y@ybase=\dimen145
\X@min=\dimen146
\Y@min=\dimen147
\X@max=\dimen148
\Y@max=\dimen149
\lastobjectbox@=\box35
\zerodotbox@=\box36
\almostz@=\dimen150
 direction,
\d@X=\dimen151
\d@Y=\dimen152
\K@=\count112
\KK@=\count113
\Direction=\count114
\K@dXdY=\dimen153
\K@dYdX=\dimen154
\xyread@=\read1
\xywrite@=\write4
\csp@=\count115
\quotPTK@=\dimen155

utility macros; pictures: \xy, positions,
\swaptoks@@=\toks33
\connectobjectbox@@=\box37
 objects,
\styletoks@=\toks34
 decorations;
kernel objects: directionals, circles, text; options; algorithms: directions,
edges, connections;  Xy-pic loaded)

LaTeX Warning: You have requested package `xypic',
               but the package provides `xy'.

Package: xy 1999/02/16 Xy-pic version 3.7
) (/usr/local/teTeX/share/texmf.tetex/tex/generic/xypic/xyv2.tex
 Xy-pic option: Version 2 Compatibility v.3.4

Xy-pic Warning: `\stop' redefined.

(/usr/local/teTeX/share/texmf.tetex/tex/generic/xypic/xyframe.tex
 Xy-pic option: Frame and Bracket extension v.3.7 loaded)
(/usr/local/teTeX/share/texmf.tetex/tex/generic/xypic/xymatrix.tex
 Xy-pic option: Matrix feature v.3.4
\Row=\count116
\Col=\count117
\queue@=\toks35
\queue@@=\toks36
\qcount@=\count118
\qcount@@=\count119
\matrixsize@=\count120
 loaded)
(/usr/local/teTeX/share/texmf.tetex/tex/generic/xypic/xyarrow.tex
 Xy-pic option: Arrow and Path feature v.3.5 path, \ar, loaded) loaded)))
(./languages.aux)
\openout1 = `languages.aux'.

LaTeX Font Info:    Checking defaults for OML/cmm/m/it on input line 7.
LaTeX Font Info:    ... okay on input line 7.
LaTeX Font Info:    Checking defaults for T1/cmr/m/n on input line 7.
LaTeX Font Info:    ... okay on input line 7.
LaTeX Font Info:    Checking defaults for OT1/cmr/m/n on input line 7.
LaTeX Font Info:    ... okay on input line 7.
LaTeX Font Info:    Checking defaults for OMS/cmsy/m/n on input line 7.
LaTeX Font Info:    ... okay on input line 7.
LaTeX Font Info:    Checking defaults for OMX/cmex/m/n on input line 7.
LaTeX Font Info:    ... okay on input line 7.
LaTeX Font Info:    Checking defaults for U/cmr/m/n on input line 7.
LaTeX Font Info:    ... okay on input line 7.
LaTeX Font Info:    Checking defaults for PD1/pdf/m/n on input line 7.
LaTeX Font Info:    ... okay on input line 7.
Package hyperref Info: Link coloring OFF on input line 7.

(/usr/local/teTeX/share/texmf.tetex/tex/latex/hyperref/nameref.sty
Package: nameref 2003/12/03 v2.21 Cross-referencing by name of section
\c@section@level=\count121
)
LaTeX Info: Redefining \ref on input line 7.
LaTeX Info: Redefining \pageref on input line 7.

(./languages.out) (./languages.out)
\openout3 = `languages.out'.

LaTeX Font Info:    Font shape `OT1/helvetica/m/n' will be
(Font)              scaled to size 14.16972pt on input line 8.
LaTeX Font Info:    Font shape `OT1/helvetica/m/n' will be
(Font)              scaled to size 11.80809pt on input line 8.
LaTeX Font Info:    Try loading font information for T1+phv on input line 8.

(/usr/local/teTeX/share/texmf.tetex/tex/latex/psnfss/t1phv.fd
File: t1phv.fd 2001/06/04 scalable font definitions for T1/phv.
)
LaTeX Font Info:    Try loading font information for U+msa on input line 8.

(/usr/local/teTeX/share/texmf.tetex/tex/latex/amsfonts/umsa.fd
File: umsa.fd 2002/01/19 v2.2g AMS font definitions
)
LaTeX Font Info:    Try loading font information for U+msb on input line 8.

(/usr/local/teTeX/share/texmf.tetex/tex/latex/amsfonts/umsb.fd
File: umsb.fd 2002/01/19 v2.2g AMS font definitions
)
LaTeX Font Info:    Try loading font information for U+lasy on input line 8.

(/usr/local/teTeX/share/texmf.tetex/tex/latex/base/ulasy.fd
File: ulasy.fd 1998/08/17 v2.2e LaTeX symbol font definitions
)
LaTeX Font Info:    Font shape `OT1/helvetica/m/n' will be
(Font)              scaled to size 6.56006pt on input line 14.
LaTeX Font Info:    Font shape `OT1/helvetica/bx/n' in size <8> not available
(Font)              Font shape `OT1/helvetica/b/n' tried instead on input line 
14.
LaTeX Font Info:    Font shape `OT1/helvetica/b/n' will be
(Font)              scaled to size 6.56006pt on input line 14.
LaTeX Font Info:    Font shape `OT1/helvetica/bx/it' in size <8> not available
(Font)              Font shape `OT1/helvetica/b/it' tried instead on input line
 14.
LaTeX Font Info:    Font shape `OT1/helvetica/b/it' will be
(Font)              scaled to size 6.56006pt on input line 14.
LaTeX Font Info:    Font shape `OT1/helvetica/m/n' will be
(Font)              scaled to size 5.74005pt on input line 29.
LaTeX Font Info:    Font shape `OT1/helvetica/m/n' will be
(Font)              scaled to size 4.10004pt on input line 29.
 [1




] [2

] [3

]
[4

] [5

] [6

]
LaTeX Font Info:    Font shape `OT1/helvetica/bx/n' in size <7> not available
(Font)              Font shape `OT1/helvetica/b/n' tried instead on input line 
116.
LaTeX Font Info:    Font shape `OT1/helvetica/b/n' will be
(Font)              scaled to size 5.74005pt on input line 116.
LaTeX Font Info:    Font shape `T1/phv/m/it' in size <7> not available
(Font)              Font shape `T1/phv/m/sl' tried instead on input line 125.
 [7

] (./languages.aux) ) 
Here is how much of TeX's memory you used:
 6135 strings out of 95138
 76239 string characters out of 1183036
 2165399 words of memory out of 4620234
 9179 multiletter control sequences out of 10000+50000
 30439 words of font info for 68 fonts, out of 2000000 for 2000
 58 hyphenation exceptions out of 5000
 43i,9n,44p,350b,661s stack positions out of 5000i,500n,6000p,200000b,40000s

Output written on languages.dvi (7 pages, 30340 bytes).
